Arguments: 
  /home/laradock/.nvm/versions/node/v16.2.0/bin/node /home/laradock/.yarn/bin/yarn.js add bootstrap

PATH: 
  /home/laradock/.yarn/bin:/home/laradock/.nvm/versions/node/v16.2.0/bin:/root/.composer/vendor/bin:/usr/local/sbin:/usr/local/bin:/usr/sbin:/usr/bin:/sbin:/bin:/var/www/vendor/bin

Yarn version: 
  1.22.5

Node version: 
  16.2.0

Platform: 
  linux x64

Trace: 
  Error: EEXIST: file already exists, copyfile '/usr/local/share/.cache/yarn/v6/npm-npm-5.10.0-3bec62312c94a9b0f48f208e00b98bf0304b40db-integrity/node_modules/npm/node_modules/retry/Readme.md' -> '/var/www/app/public/node_modules/npm/node_modules/retry/Readme.md'

npm manifest: 
  {
    "name": "Provision",
    "version": "1.0.0",
    "description": "Landing Page de cursos",
    "main": "Gruntfile.js",
    "scripts": {
      "test": "echo \"Error: no test specified\" && exit 1"
    },
    "author": "William Carriello",
    "license": "ISC",
    "devDependencies": {
      "animate.css": "^3.6.1",
      "grunt": "^1.1.0",
      "grunt-contrib-copy": "^1.0.0",
      "wowjs": "^1.1.3"
    },
    "dependencies": {
      "grunt-autoprefixer": "^3.0.4",
      "grunt-contrib-cssmin": "^2.2.1",
      "grunt-contrib-jade": "^1.0.0",
      "grunt-contrib-stylus": "^1.2.0",
      "grunt-contrib-uglify": "^3.3.0",
      "grunt-contrib-watch": "^1.0.0",
      "jquery": "^3.4.1",
      "jquery-mask-plugin": "^1.14.16",
      "npm": "^5.7.1"
    }
  }

yarn manifest: 
  No manifest

Lockfile: 
  No lockfile
